

Graph 0:

       [=]
        |
   |-------|
   |       |
 id(A)    [*]
           |
        |----|
        |    |
       c(2) c(5)


Graph 1:

     [=]
      |
   |-----|
   |     |
 id(B) c(200)


Graph 2:

        [=]
         |
   |--------|
   |        |
 id(C)     [/]
            |
         |-----|
         |     |
       c(400) c(2)


Graph 3:

         [=]
          |
   |---------|
   |         |
 id(D)      [+]
             |
         |------|
         |      |
       c(200) c(100)


Graph 4:

         [=]
          |
   |---------|
   |         |
 id(E)      [-]
             |
           |------|
           |      |
          [+]    c(4)
           |
        |----|
        |    |
       c(2) c(5)


Graph 5:

     [=]
      |
   |-----|
   |     |
 id(G) c(10)


Graph 6:

     [=]
      |
   |-----|
   |     |
 id(H) c(20)


Graph 7:

  ???
   |
   |
   |
 id(G)


Graph 8:

 print
   |
   |
   |
 id(G)


Graph 9:

  ???
   |
   |
   |
 id(G)


Graph 10:

 print
   |
   |
   |
 id(G)


Graph 11:

           if
           |
     |--------------|
     |        |     |
    [>]     print print
     |        |     |
   |----|     |     |
   |    |     |     |
 id(A) c(9) id(A) id(B)


Graph 12:

       while
         |
      |---------|
      |         |
     [<]      print
      |         |
   |-----|      |
   |     |      |
 id(C) c(205)  ++
                |
                |
                |
              id(C)


Graph 13:

               do
               |
         |--------------|
         |              |
        [;]            [<]
         |              |
      |--------|     |-----|
      |        |     |     |
     [;]     print id(D) c(310)
      |        |
   |-----|     |
   |     |     |
  ++    ++   id(D)
   |     |
   |     |
   |     |
 id(D) id(D)


Graph 14:

 print
   |
   |
   |
 id(D)


Graph 15:

                   for
                    |
     |-----------|-----------------|
     |           |        |        |
    [=]        [<=]      ++      print
     |           |        |        |
   |----|     |-----|     |        |
   |    |     |     |     |        |
 id(F) c(1) id(F) c(20) id(F)     [*]
                                   |
                                |-----|
                                |     |
                              id(F) id(E)
